<?xml version="1.0" encoding="UTF-8"?>
<!-- Generated by org.testng.reporters.JUnitReportReporter -->
<testsuite hostname="DESKTOP-16K4T19" failures="0" tests="1" name="TestRunner.TourRun" time="75.636" errors="0" timestamp="2023-12-06T01:54:47 IST" skipped="0">
  <testcase classname="TestRunner.TourRun" name="Tourapplication" time="75.636"/>
  <system-out/>
</testsuite> <!-- TestRunner.TourRun -->
